<?xml version="1.0" encoding="UTF-8"?>
<!-- Generated by org.testng.reporters.JUnitXMLReporter -->
<testsuite ignored="0" hostname="DESKTOP-V7MD7M7" failures="0" tests="4" name="Web Application Tests" time="41.195" errors="0" timestamp="2024-12-30T17:40:14 IST">
  <testcase classname="TestingWebUrl.WebApplicationTesting" name="testInvalidUsername" time="2.296"/>
  <testcase classname="TestingWebUrl.WebApplicationTesting" name="testInvalidPassword" time="2.624"/>
  <testcase classname="TestingWebUrl.WebApplicationTesting" name="testInvalidUsernameAndPassword" time="2.633"/>
  <testcase classname="TestingWebUrl.WebApplicationTesting" name="testLogin" time="16.194"/>
</testsuite> <!-- Web Application Tests -->
