<?xml version="1.0" encoding="UTF-8"?>
<testng-results ignored="0" total="1" passed="1" failed="0" skipped="0">
  <reporter-output>
    <line>
      <![CDATA[swapnil]]>
    </line>
  </reporter-output>
  <suite started-at="2023-07-28T15:39:45 IST" name="Default suite" finished-at="2023-07-28T15:39:45 IST" duration-ms="105">
    <groups>
    </groups>
    <test started-at="2023-07-28T15:39:45 IST" name="Default test" finished-at="2023-07-28T15:39:45 IST" duration-ms="105">
      <class name="qsp.demo">
        <test-method signature="s()[pri:0, instance:qsp.demo@1e0b4072]" started-at="2023-07-28T15:39:45 IST" name="s" finished-at="2023-07-28T15:39:45 IST" duration-ms="16" status="PASS">
          <reporter-output>
            <line>
              <![CDATA[swapnil]]>
            </line>
          </reporter-output>
        </test-method> <!-- s -->
      </class> <!-- qsp.demo -->
    </test> <!-- Default test -->
  </suite> <!-- Default suite -->
</testng-results>
