<?xml version="1.0" encoding="UTF-8"?>
<testng-results ignored="0" total="2" passed="2" failed="0" skipped="0">
  <reporter-output>
  </reporter-output>
  <suite started-at="2023-08-01T15:40:46 IST" name="Default suite" finished-at="2023-08-01T15:41:09 IST" duration-ms="23782">
    <groups>
    </groups>
    <test started-at="2023-08-01T15:40:46 IST" name="Default test" finished-at="2023-08-01T15:41:09 IST" duration-ms="23782">
      <class name="TestPackage.LoginTestCase">
        <test-method is-config="true" signature="setUp()[pri:0, instance:TestPackage.LoginTestCase@72035809]" started-at="2023-08-01T15:40:46 IST" name="setUp" finished-at="2023-08-01T15:40:49 IST" duration-ms="3030" status="PASS">
          <reporter-output>
          </reporter-output>
        </test-method> <!-- setUp -->
        <test-method signature="ValidloginMethod()[pri:0, instance:TestPackage.LoginTestCase@72035809]" started-at="2023-08-01T15:40:49 IST" name="ValidloginMethod" finished-at="2023-08-01T15:40:49 IST" duration-ms="319" status="PASS">
          <reporter-output>
          </reporter-output>
        </test-method> <!-- ValidloginMethod -->
        <test-method is-config="true" signature="tearDown()[pri:0, instance:TestPackage.LoginTestCase@72035809]" started-at="2023-08-01T15:40:49 IST" name="tearDown" finished-at="2023-08-01T15:40:49 IST" duration-ms="360" status="PASS">
          <reporter-output>
          </reporter-output>
        </test-method> <!-- tearDown -->
        <test-method is-config="true" signature="setUp()[pri:0, instance:TestPackage.LoginTestCase@72035809]" started-at="2023-08-01T15:40:49 IST" name="setUp" finished-at="2023-08-01T15:40:51 IST" duration-ms="1617" status="PASS">
          <reporter-output>
          </reporter-output>
        </test-method> <!-- setUp -->
        <test-method signature="inValidLoginMethod()[pri:0, instance:TestPackage.LoginTestCase@72035809]" started-at="2023-08-01T15:40:51 IST" name="inValidLoginMethod" finished-at="2023-08-01T15:41:09 IST" depends-on-methods="TestPackage.LoginTestCase.ValidloginMethod" duration-ms="18018" status="PASS">
          <reporter-output>
          </reporter-output>
        </test-method> <!-- inValidLoginMethod -->
        <test-method is-config="true" signature="tearDown()[pri:0, instance:TestPackage.LoginTestCase@72035809]" started-at="2023-08-01T15:41:09 IST" name="tearDown" finished-at="2023-08-01T15:41:09 IST" duration-ms="335" status="PASS">
          <reporter-output>
          </reporter-output>
        </test-method> <!-- tearDown -->
      </class> <!-- TestPackage.LoginTestCase -->
    </test> <!-- Default test -->
  </suite> <!-- Default suite -->
</testng-results>
