<?xml version="1.0" encoding="UTF-8"?>
<testng-results ignored="0" total="5" passed="5" failed="0" skipped="0">
  <reporter-output>
  </reporter-output>
  <suite started-at="2023-07-27T15:12:35 IST" name="Default suite" finished-at="2023-07-27T15:12:48 IST" duration-ms="13283">
    <groups>
    </groups>
    <test started-at="2023-07-27T15:12:35 IST" name="Default test" finished-at="2023-07-27T15:12:48 IST" duration-ms="13283">
      <class name="testNGAnnotations_Flags.actiTimeDataProvider">
        <test-method signature="invalidLoginMethod(java.lang.String,java.lang.String)[pri:0, instance:testNGAnnotations_Flags.actiTimeDataProvider@4c60d6e9]" started-at="2023-07-27T15:12:35 IST" name="invalidLoginMethod" data-provider="testData" finished-at="2023-07-27T15:12:40 IST" duration-ms="4637" status="PASS">
          <params>
            <param index="0">
              <value>
                <![CDATA[ad_main]]>
              </value>
            </param>
            <param index="1">
              <value>
                <![CDATA[man_ager]]>
              </value>
            </param>
          </params>
          <reporter-output>
          </reporter-output>
        </test-method> <!-- invalidLoginMethod -->
        <test-method signature="invalidLoginMethod(java.lang.String,java.lang.String)[pri:0, instance:testNGAnnotations_Flags.actiTimeDataProvider@4c60d6e9]" started-at="2023-07-27T15:12:40 IST" name="invalidLoginMethod" data-provider="testData" finished-at="2023-07-27T15:12:42 IST" duration-ms="2006" status="PASS">
          <params>
            <param index="0">
              <value>
                <![CDATA[manager]]>
              </value>
            </param>
            <param index="1">
              <value>
                <![CDATA[admin]]>
              </value>
            </param>
          </params>
          <reporter-output>
          </reporter-output>
        </test-method> <!-- invalidLoginMethod -->
        <test-method signature="invalidLoginMethod(java.lang.String,java.lang.String)[pri:0, instance:testNGAnnotations_Flags.actiTimeDataProvider@4c60d6e9]" started-at="2023-07-27T15:12:42 IST" name="invalidLoginMethod" data-provider="testData" finished-at="2023-07-27T15:12:44 IST" duration-ms="2124" status="PASS">
          <params>
            <param index="0">
              <value>
                <![CDATA[@man]]>
              </value>
            </param>
            <param index="1">
              <value>
                <![CDATA[adminn]]>
              </value>
            </param>
          </params>
          <reporter-output>
          </reporter-output>
        </test-method> <!-- invalidLoginMethod -->
        <test-method signature="invalidLoginMethod(java.lang.String,java.lang.String)[pri:0, instance:testNGAnnotations_Flags.actiTimeDataProvider@4c60d6e9]" started-at="2023-07-27T15:12:44 IST" name="invalidLoginMethod" data-provider="testData" finished-at="2023-07-27T15:12:46 IST" duration-ms="2098" status="PASS">
          <params>
            <param index="0">
              <value>
                <![CDATA[admin123]]>
              </value>
            </param>
            <param index="1">
              <value>
                <![CDATA[manager123]]>
              </value>
            </param>
          </params>
          <reporter-output>
          </reporter-output>
        </test-method> <!-- invalidLoginMethod -->
        <test-method signature="invalidLoginMethod(java.lang.String,java.lang.String)[pri:0, instance:testNGAnnotations_Flags.actiTimeDataProvider@4c60d6e9]" started-at="2023-07-27T15:12:46 IST" name="invalidLoginMethod" data-provider="testData" finished-at="2023-07-27T15:12:48 IST" duration-ms="2324" status="PASS">
          <params>
            <param index="0">
              <value>
                <![CDATA[admin@123]]>
              </value>
            </param>
            <param index="1">
              <value>
                <![CDATA[123manager]]>
              </value>
            </param>
          </params>
          <reporter-output>
          </reporter-output>
        </test-method> <!-- invalidLoginMethod -->
      </class> <!-- testNGAnnotations_Flags.actiTimeDataProvider -->
    </test> <!-- Default test -->
  </suite> <!-- Default suite -->
</testng-results>
