<?xml version="1.0" encoding="UTF-8"?>
<!-- Generated by org.testng.reporters.JUnitXMLReporter -->
<testsuite ignored="0" hostname="DESKTOP-V7MD7M7" failures="0" tests="5" name="Default test" time="13.283" errors="0" timestamp="2023-07-27T15:12:48 IST">
  <testcase classname="testNGAnnotations_Flags.actiTimeDataProvider" name="invalidLoginMethod" time="4.637"/>
  <testcase classname="testNGAnnotations_Flags.actiTimeDataProvider" name="invalidLoginMethod" time="2.006"/>
  <testcase classname="testNGAnnotations_Flags.actiTimeDataProvider" name="invalidLoginMethod" time="2.124"/>
  <testcase classname="testNGAnnotations_Flags.actiTimeDataProvider" name="invalidLoginMethod" time="2.098"/>
  <testcase classname="testNGAnnotations_Flags.actiTimeDataProvider" name="invalidLoginMethod" time="2.324"/>
</testsuite> <!-- Default test -->
