<?xml version="1.0" encoding="UTF-8"?>
<!-- Generated by org.testng.reporters.JUnitXMLReporter -->
<testsuite ignored="0" hostname="DESKTOP-V7MD7M7" failures="0" tests="4" name="Default test" time="55.002" errors="0" timestamp="2024-12-16T17:44:44 IST">
  <testcase classname="WebsiteTestingDay6.TestScript06" name="testLogin" time="6.195"/>
  <testcase classname="WebsiteTestingDay6.TestScript06" name="testLogin" time="4.198"/>
  <testcase classname="WebsiteTestingDay6.TestScript06" name="testLogin" time="4.277"/>
  <testcase classname="WebsiteTestingDay6.TestScript06" name="testLogin" time="3.833"/>
</testsuite> <!-- Default test -->
