<?xml version="1.0" encoding="UTF-8"?>
<!-- Generated by org.testng.reporters.JUnitXMLReporter -->
<testsuite ignored="0" hostname="DESKTOP-V7MD7M7" failures="0" tests="3" name="Test" time="19.137" errors="0" timestamp="2023-07-17T15:42:04 IST">
  <testcase classname="testExecution.Test1" name="test1method" time="17.894"/>
  <testcase classname="testExecution.Test3" name="test3method" time="17.94"/>
  <testcase classname="testExecution.Test2" name="test2method" time="19.056"/>
</testsuite> <!-- Test -->
